Determining if the pthread_create exist failed with the following output:
Change Dir: /home/tudeng/PracRobo/build/CMakeFiles/CMakeTmp

Run Build Command:/usr/bin/make "cmTryCompileExec2884596885/fast"
/usr/bin/make -f CMakeFiles/cmTryCompileExec2884596885.dir/build.make CMakeFiles/cmTryCompileExec2884596885.dir/build
make[1]: Entering directory `/home/tudeng/PracRobo/build/CMakeFiles/CMakeTmp'
/usr/bin/cmake -E cmake_progress_report /home/tudeng/PracRobo/build/CMakeFiles/CMakeTmp/CMakeFiles 1
Building C object CMakeFiles/cmTryCompileExec2884596885.dir/CheckSymbolExists.c.o
/usr/bin/cc    -o CMakeFiles/cmTryCompileExec2884596885.dir/CheckSymbolExists.c.o   -c /home/tudeng/PracRobo/build/CMakeFiles/CMakeTmp/CheckSymbolExists.c
Linking C executable cmTryCompileExec2884596885
/usr/bin/cmake -E cmake_link_script CMakeFiles/cmTryCompileExec2884596885.dir/link.txt --verbose=1
/usr/bin/cc       CMakeFiles/cmTryCompileExec2884596885.dir/CheckSymbolExists.c.o  -o cmTryCompileExec2884596885 -rdynamic 
CMakeFiles/cmTryCompileExec2884596885.dir/CheckSymbolExists.c.o: In function `main':
CheckSymbolExists.c:(.text+0x16): undefined reference to `pthread_create'
collect2: error: ld returned 1 exit status
make[1]: *** [cmTryCompileExec2884596885] Error 1
make[1]: Leaving directory `/home/tudeng/PracRobo/build/CMakeFiles/CMakeTmp'
make: *** [cmTryCompileExec2884596885/fast] Error 2

File /home/tudeng/PracRobo/build/CMakeFiles/CMakeTmp/CheckSymbolExists.c:
/* */
#include <pthread.h>

int main(int argc, char** argv)
{
  (void)argv;
#ifndef pthread_create
  return ((int*)(&pthread_create))[argc];
#else
  (void)argc;
  return 0;
#endif
}

Determining if the function pthread_create exists in the pthreads failed with the following output:
Change Dir: /home/tudeng/PracRobo/build/CMakeFiles/CMakeTmp

Run Build Command:/usr/bin/make "cmTryCompileExec1205309938/fast"
/usr/bin/make -f CMakeFiles/cmTryCompileExec1205309938.dir/build.make CMakeFiles/cmTryCompileExec1205309938.dir/build
make[1]: Entering directory `/home/tudeng/PracRobo/build/CMakeFiles/CMakeTmp'
/usr/bin/cmake -E cmake_progress_report /home/tudeng/PracRobo/build/CMakeFiles/CMakeTmp/CMakeFiles 1
Building C object CMakeFiles/cmTryCompileExec1205309938.dir/CheckFunctionExists.c.o
/usr/bin/cc   -DCHECK_FUNCTION_EXISTS=pthread_create   -o CMakeFiles/cmTryCompileExec1205309938.dir/CheckFunctionExists.c.o   -c /usr/share/cmake-2.8/Modules/CheckFunctionExists.c
Linking C executable cmTryCompileExec1205309938
/usr/bin/cmake -E cmake_link_script CMakeFiles/cmTryCompileExec1205309938.dir/link.txt --verbose=1
/usr/bin/cc   -DCHECK_FUNCTION_EXISTS=pthread_create    CMakeFiles/cmTryCompileExec1205309938.dir/CheckFunctionExists.c.o  -o cmTryCompileExec1205309938 -rdynamic -lpthreads 
/usr/bin/ld: cannot find -lpthreads
collect2: error: ld returned 1 exit status
make[1]: *** [cmTryCompileExec1205309938] Error 1
make[1]: Leaving directory `/home/tudeng/PracRobo/build/CMakeFiles/CMakeTmp'
make: *** [cmTryCompileExec1205309938/fast] Error 2


